build/app/outputs/mapping/release/seeds.txt
com.example.quranapp.MainActivity
com.example.quranapp.MainActivity: MainActivity()
...
io.flutter.view.AccessibilityViewEmbedder: java.util.Map originToFlutterId
io.flutter.embedding.android.FlutterSplashView$SavedState: android.os.Bundle access$702(io.flutter.embedding.android.FlutterSplashView$SavedState,android.os.Bundle)
android.support.v4.media.AudioAttributesImplApi21Parcelizer: androidx.media.AudioAttributesImplApi21 read(androidx.versionedparcelable.VersionedParcel)
io.grpc.okhttp.OkHttpChannelBuilder$NegotiationType: io.grpc.okhttp.OkHttpChannelBuilder$NegotiationType[] values()
androidx.lifecycle.Lifecycle$State: androidx.lifecycle.Lifecycle$State valueOf(java.lang.String)
com.google.android.gms.internal.measurement.zzfc: int zze
androidx.appcompat.widget.AppCompatSpinner: void setPrompt(java.lang.CharSequence)
io.grpc.okhttp.internal.Platform$TlsExtensionType: io.grpc.okhttp.internal.Platform$TlsExtensionType valueOf(java.lang.String)
com.google.android.gms.measurement.AppMeasurement$ConditionalUserProperty
com.google.firestore.v1.BatchGetDocumentsResponse: com.google.protobuf.Timestamp readTime_
androidx.appcompat.widget.SearchView$SearchAutoComplete: int getSearchViewTextMinWidthDp()
com.google.type.LatLng: double latitude_
com.google.android.gms.common.zzq: android.os.Parcelable$Creator CREATOR
io.grpc.okhttp.NegotiationType: io.grpc.okhttp.NegotiationType[] values()
androidx.appcompat.widget.ActionBarContextView: void setVisibility(int)
com.google.firestore.v1.StructuredQuery: com.google.firestore.v1.Cursor endAt_
androidx.appcompat.widget.SearchView: int getImeOptions()
com.google.android.gms.internal.measurement.zzfu: com.google.android.gms.internal.measurement.zzfi zzh
androidx.appcompat.widget.ActionMenuView: int getWindowAnimations()
io.flutter.embedding.engine.mutatorsstack.FlutterMutatorView: void setOnDescendantFocusChangeListener(android.view.View$OnFocusChangeListener)
com.google.android.gms.internal.measurement.zzgb: int zze
com.google.firestore.v1.DocumentChange: com.google.protobuf.Internal$IntList removedTargetIds_
com.google.firebase.firestore.proto.MaybeDocument: com.google.firebase.firestore.proto.MaybeDocument DEFAULT_INSTANCE
com.google.android.gms.internal.measurement.zzgt: com.google.android.gms.internal.measurement.zzke zzg
androidx.appcompat.widget.ViewStubCompat
com.google.firestore.v1.BatchGetDocumentsRequest
androidx.appcompat.widget.AppCompatSpinner: void setDropDownVerticalOffset(int)
com.google.firestore.v1.TransactionOptions$ReadWrite: int RETRY_TRANSACTION_FIELD_NUMBER
com.google.android.gms.measurement.AppMeasurement: long generateEventId()
androidx.appcompat.widget.Toolbar: void setTitleTextColor(android.content.res.ColorStateList)
com.google.android.gms.internal.measurement.zzgd: com.google.android.gms.internal.measurement.zzkd zzf
com.google.firestore.v1.StructuredQuery$Direction: com.google.firestore.v1.StructuredQuery$Direction valueOf(java.lang.String)
io.flutter.embedding.engine.systemchannels.PlatformChannel$ClipboardContentFormat: io.flutter.embedding.engine.systemchannels.PlatformChannel$ClipboardContentFormat valueOf(java.lang.String)
io.flutter.view.AccessibilityViewEmbedder: java.lang.Integer getRecordFlutterId(android.view.View,android.view.accessibility.AccessibilityRecord)
com.google.firebase.firestore.core.LimboDocumentChange$Type: com.google.firebase.firestore.core.LimboDocumentChange$Type[] values()
com.google.firestore.v1.StructuredQuery$CollectionSelector: int ALL_DESCENDANTS_FIELD_NUMBER
com.google.firestore.v1.Target$DocumentsTarget: com.google.protobuf.Parser PARSER
com.google.firestore.v1.StructuredQuery$Projection: int FIELDS_FIELD_NUMBER
androidx.core.app.RemoteActionCompatParcelizer: void write(androidx.core.app.RemoteActionCompat,androidx.versionedparcelable.VersionedParcel)
com.google.android.gms.internal.measurement.zzeq: java.lang.String zzj
androidx.appcompat.widget.SearchView: void setOnSearchClickListener(android.view.View$OnClickListener)