build/app/outputs/mapping/release/mapping.txt
# compiler: R8
# compiler_version: 2.1.62
# min_api: 21
# pg_map_id: f08ac87
# common_typos_disable
...
com.google.android.gms.ads.identifier.zzb -> c.b.a.a.a.a.c:
    boolean zzb -> m
    java.lang.ref.WeakReference zzc -> j
    long zzd -> k
    java.util.concurrent.CountDownLatch zza -> l
    void zza() -> a
com.google.android.gms.ads.identifier.zzc -> c.b.a.a.a.a.d:
    void zza(java.lang.String) -> a
com.google.android.gms.auth.api.signin.GoogleSignInAccount -> com.google.android.gms.auth.api.signin.GoogleSignInAccount:
    int versionCode -> j
    java.lang.String mId -> k
    java.lang.String zah -> m
    java.lang.String zag -> l
    java.util.List zan -> s
    java.util.Set zaq -> v
    java.lang.String zai -> n
    java.lang.String zak -> p
    java.lang.String zam -> r
    java.lang.String zap -> u
    java.lang.String zao -> t
    android.net.Uri zaj -> o
    long zal -> q
    com.google.android.gms.common.util.Clock zaf -> w
    java.util.Set getRequestedScopes() -> A
    java.lang.String getServerAuthCode() -> B
    com.google.android.gms.auth.api.signin.GoogleSignInAccount zaa(java.lang.String) -> C
    com.google.android.gms.auth.api.signin.GoogleSignInAccount zaa(java.lang.String,java.lang.String,java.lang.String,java.lang.String,java.lang.String,java.lang.String,android.net.Uri,java.lang.Long,java.lang.String,java.util.Set) -> D
    android.accounts.Account getAccount() -> d
    java.lang.String getDisplayName() -> g
    java.lang.String getEmail() -> h
    java.lang.String getFamilyName() -> j
    java.lang.String getGivenName() -> n
    java.lang.String getId() -> u
    java.lang.String getIdToken() -> v
    android.net.Uri getPhotoUrl() -> x
com.google.android.gms.auth.api.signin.internal.Storage -> com.google.android.gms.auth.api.signin.a.a:
    android.content.SharedPreferences zaal -> b
    com.google.android.gms.auth.api.signin.internal.Storage zaaj -> d
    java.util.concurrent.locks.Lock zaak -> a
    java.util.concurrent.locks.Lock zaai -> c
    com.google.android.gms.auth.api.signin.internal.Storage getInstance(android.content.Context) -> a
    com.google.android.gms.auth.api.signin.GoogleSignInAccount getSavedDefaultGoogleSignInAccount() -> b
    java.lang.String zab(java.lang.String,java.lang.String) -> c
    com.google.android.gms.auth.api.signin.GoogleSignInAccount zad(java.lang.String) -> d
    java.lang.String zaf(java.lang.String) -> e
com.google.android.gms.auth.api.signin.zab -> com.google.android.gms.auth.api.signin.b:
com.google.android.gms.base.R$drawable -> c.b.a.a.b.a:
    int common_full_open_on_phone -> a
com.google.android.gms.base.R$string -> c.b.a.a.b.b:
    int common_google_play_services_wear_update_text -> n
    int common_open_on_phone -> o
    int common_google_play_services_update_title -> l
    int common_google_play_services_updating_text -> m
    int common_google_play_services_update_button -> j
    int common_google_play_services_update_text -> k
    int common_google_play_services_notification_ticker -> h
    int common_google_play_services_unsupported_text -> i
    int common_google_play_services_install_title -> f
    int common_google_play_services_notification_channel_name -> g
    int common_google_play_services_install_button -> d
    int common_google_play_services_install_text -> e
    int common_google_play_services_enable_text -> b
    int common_google_play_services_enable_title -> c
    int common_google_play_services_enable_button -> a
com.google.android.gms.common.BlockingServiceConnection -> com.google.android.gms.common.a:
    boolean zza -> a
    java.util.concurrent.BlockingQueue zzb -> b
    android.os.IBinder getServiceWithTimeout(long,java.util.concurrent.TimeUnit) -> a