build/app/outputs/mapping/release/usage.txt
com.example.quranapp.BuildConfig
com.example.quranapp.R$layout
com.example.quranapp.R$integer
com.example.quranapp.R$drawable
com.example.quranapp.R$raw
com.example.quranapp.R$bool
com.example.quranapp.R
com.example.quranapp.R$attr
com.example.quranapp.R$style
com.example.quranapp.R$color
com.example.quranapp.R$mipmap
com.example.quranapp.R$string
com.example.quranapp.R$id
com.example.quranapp.R$interpolator
com.example.quranapp.R$dimen
com.example.quranapp.R$styleable
com.example.quranapp.R$anim
...
com.google.protobuf.Utf8$DecodeUtil:
    private void <init>()
androidx.fragment.R
com.squareup.okhttp.internal.framed.Spdy3$Writer
androidx.media.MediaBrowserServiceCompat$MediaBrowserServiceImplBase
kotlin.collections.ArraysKt___ArraysJvmKt$asList$2
io.grpc.CallCredentials2$MetadataApplier
io.flutter.embedding.engine.systemchannels.LifecycleChannel:
    private static final java.lang.String TAG
io.grpc.Context$Key
io.grpc.LoadBalancer$CreateSubchannelArgs:
    public java.lang.Object getOption(io.grpc.LoadBalancer$CreateSubchannelArgs$Key)
com.google.android.gms.common.util.concurrent.NumberedThreadFactory
com.google.common.graph.DirectedMultiNetworkConnections
androidx.appcompat.app.ActionBar$OnNavigationListener
com.google.firebase.analytics.FirebaseAnalytics$Event
com.google.common.cache.AbstractCache
io.grpc.okhttp.internal.framed.Http2$Reader:
    public void readConnectionPreface()
com.google.rpc.ResourceInfo
com.google.common.collect.MinMaxPriorityQueue$Builder
com.google.firestore.v1.ListenResponse:
    private void clearResponseType()
    private void setTargetChange(com.google.firestore.v1.TargetChange)
    private void mergeTargetChange(com.google.firestore.v1.TargetChange)
    private void clearTargetChange()
    private void setDocumentChange(com.google.firestore.v1.DocumentChange)
    private void mergeDocumentChange(com.google.firestore.v1.DocumentChange)
    private void clearDocumentChange()
    private void setDocumentDelete(com.google.firestore.v1.DocumentDelete)
    private void mergeDocumentDelete(com.google.firestore.v1.DocumentDelete)
    private void clearDocumentDelete()
    private void setDocumentRemove(com.google.firestore.v1.DocumentRemove)
    private void mergeDocumentRemove(com.google.firestore.v1.DocumentRemove)
    private void clearDocumentRemove()
    private void setFilter(com.google.firestore.v1.ExistenceFilter)
    private void mergeFilter(com.google.firestore.v1.ExistenceFilter)
    private void clearFilter()
    public static com.google.firestore.v1.ListenResponse parseFrom(java.nio.ByteBuffer)
    public static com.google.firestore.v1.ListenResponse parseFrom(java.nio.ByteBuffer,com.google.protobuf.ExtensionRegistryLite)
    public static com.google.firestore.v1.ListenResponse parseFrom(com.google.protobuf.ByteString)
    public static com.google.firestore.v1.ListenResponse parseFrom(com.google.protobuf.ByteString,com.google.protobuf.ExtensionRegistryLite)
com.google.protobuf.DescriptorProtos$EnumDescriptorProtoOrBuilder
com.google.common.collect.Synchronized
kotlin.io.FileSystemException
kotlin.jvm.internal.ByteCompanionObject
com.google.rpc.Help$Builder
com.google.rpc.context.AttributeContext$Request
kotlin.random.PlatformRandomKt
com.google.android.gms.tasks.TaskExecutors:
    private void <init>()
com.google.firestore.v1.Document$FieldsDefaultEntryHolder:
    private void <init>()